<?xml version="1.0" encoding="UTF-8"?>
<!-- Generated by org.testng.reporters.JUnitReportReporter -->
<testsuite hostname="MBP-de-Daniel.lan" failures="0" tests="1" name="com.google.qa.VerificationSetup" time="66.237" errors="0" timestamp="08 ene 2022 15:43:08 GMT" skipped="0">
  <testcase classname="com.google.qa.VerificationSetup" name="f" time="66.237"/>
</testsuite> <!-- com.google.qa.VerificationSetup -->
