<?xml version="1.0" encoding="UTF-8"?>
<!-- Generated by org.testng.reporters.JUnitReportReporter -->
<testsuite hostname="MBP-de-Daniel" failures="0" tests="1" name="com.google.qa.VerificationSetup" time="4.200" errors="0" timestamp="14 ene 2022 21:47:54 GMT" skipped="0">
  <testcase classname="com.google.qa.VerificationSetup" name="f" time="4.200"/>
</testsuite> <!-- com.google.qa.VerificationSetup -->
